  Book.cpp
C:\scsa\c\workspace\C++Lab\workshop03\Book.h(8,9): error C3646: 'title': 알 수 없는 재정의 지정자입니다.
  (소스 파일 'Book.cpp'을(를) 컴파일하는 중)
  
C:\scsa\c\workspace\C++Lab\workshop03\Book.h(8,14): error C4430: 형식 지정자가 없습니다. int로 가정합니다. 참고: C++에서는 기본 int를 지원하지 않습니다.
  (소스 파일 'Book.cpp'을(를) 컴파일하는 중)
  
C:\scsa\c\workspace\C++Lab\workshop03\Book.h(9,9): error C3646: 'publisher': 알 수 없는 재정의 지정자입니다.
  (소스 파일 'Book.cpp'을(를) 컴파일하는 중)
  
C:\scsa\c\workspace\C++Lab\workshop03\Book.h(9,18): error C4430: 형식 지정자가 없습니다. int로 가정합니다. 참고: C++에서는 기본 int를 지원하지 않습니다.
  (소스 파일 'Book.cpp'을(를) 컴파일하는 중)
  
C:\scsa\c\workspace\C++Lab\workshop03\Book.h(10,9): error C3646: 'author': 알 수 없는 재정의 지정자입니다.
  (소스 파일 'Book.cpp'을(를) 컴파일하는 중)
  
C:\scsa\c\workspace\C++Lab\workshop03\Book.h(10,15): error C4430: 형식 지정자가 없습니다. int로 가정합니다. 참고: C++에서는 기본 int를 지원하지 않습니다.
  (소스 파일 'Book.cpp'을(를) 컴파일하는 중)
  
C:\scsa\c\workspace\C++Lab\workshop03\Book.h(14,7): error C2061: 구문 오류: 식별자 'string'
  (소스 파일 'Book.cpp'을(를) 컴파일하는 중)
  
C:\scsa\c\workspace\C++Lab\workshop03\Book.h(14,2): error C2535: 'Book::Book(void)': 멤버 함수를 이미 정의했거나 선언했습니다.
  (소스 파일 'Book.cpp'을(를) 컴파일하는 중)
  C:\scsa\c\workspace\C++Lab\workshop03\Book.h(13,2):
  'Book::Book' 선언을 참조하십시오.
  
C:\scsa\c\workspace\C++Lab\workshop03\Book.h(20,16): error C2061: 구문 오류: 식별자 'string'
  (소스 파일 'Book.cpp'을(를) 컴파일하는 중)
  
C:\scsa\c\workspace\C++Lab\workshop03\Book.h(21,9): error C3646: 'getTitle': 알 수 없는 재정의 지정자입니다.
  (소스 파일 'Book.cpp'을(를) 컴파일하는 중)
  
C:\scsa\c\workspace\C++Lab\workshop03\Book.h(21,17): error C2059: 구문 오류: '('
  (소스 파일 'Book.cpp'을(를) 컴파일하는 중)
  
C:\scsa\c\workspace\C++Lab\workshop03\Book.h(21,25): error C2238: ';' 앞에 예기치 않은 토큰이 있습니다.
  (소스 파일 'Book.cpp'을(를) 컴파일하는 중)
  
C:\scsa\c\workspace\C++Lab\workshop03\Book.h(22,20): error C2061: 구문 오류: 식별자 'string'
  (소스 파일 'Book.cpp'을(를) 컴파일하는 중)
  
C:\scsa\c\workspace\C++Lab\workshop03\Book.h(23,9): error C3646: 'getPublisher': 알 수 없는 재정의 지정자입니다.
  (소스 파일 'Book.cpp'을(를) 컴파일하는 중)
  
C:\scsa\c\workspace\C++Lab\workshop03\Book.h(23,21): error C2059: 구문 오류: '('
  (소스 파일 'Book.cpp'을(를) 컴파일하는 중)
  
C:\scsa\c\workspace\C++Lab\workshop03\Book.h(23,29): error C2238: ';' 앞에 예기치 않은 토큰이 있습니다.
  (소스 파일 'Book.cpp'을(를) 컴파일하는 중)
  
C:\scsa\c\workspace\C++Lab\workshop03\Book.h(24,17): error C2061: 구문 오류: 식별자 'string'
  (소스 파일 'Book.cpp'을(를) 컴파일하는 중)
  
C:\scsa\c\workspace\C++Lab\workshop03\Book.h(25,9): error C3646: 'getAuthor': 알 수 없는 재정의 지정자입니다.
  (소스 파일 'Book.cpp'을(를) 컴파일하는 중)
  
C:\scsa\c\workspace\C++Lab\workshop03\Book.h(25,18): error C2059: 구문 오류: '('
  (소스 파일 'Book.cpp'을(를) 컴파일하는 중)
  
C:\scsa\c\workspace\C++Lab\workshop03\Book.h(25,26): error C2238: ';' 앞에 예기치 않은 토큰이 있습니다.
  (소스 파일 'Book.cpp'을(를) 컴파일하는 중)
  
C:\scsa\c\workspace\C++Lab\workshop03\Book.cpp(8,7): error C2511: 'Book::Book(std::string,std::string,std::string,int)': 오버로드된 멤버 함수가 'Book'에 없습니다.
  C:\scsa\c\workspace\C++Lab\workshop03\Book.h(5,7):
  'Book' 선언을 참조하십시오.
  
C:\scsa\c\workspace\C++Lab\workshop03\Book.cpp(8,29): error C2550: 'Book::{ctor}': 생성자 이니셜라이저 목록은 생성자 정의에만 사용할 수 있습니다.
C:\scsa\c\workspace\C++Lab\workshop03\Book.cpp(12,2): error C2671: 'Book::{ctor}': 정적 멤버 함수에 'this' 포인터가 없습니다.
C:\scsa\c\workspace\C++Lab\workshop03\Book.cpp(13,2): error C2671: 'Book::{ctor}': 정적 멤버 함수에 'this' 포인터가 없습니다.
C:\scsa\c\workspace\C++Lab\workshop03\Book.cpp(14,2): error C2671: 'Book::{ctor}': 정적 멤버 함수에 'this' 포인터가 없습니다.
C:\scsa\c\workspace\C++Lab\workshop03\Book.cpp(17,8): error C2039: 'title': 'Book'의 멤버가 아닙니다.
  C:\scsa\c\workspace\C++Lab\workshop03\Book.h(5,7):
  'Book' 선언을 참조하십시오.
  
C:\scsa\c\workspace\C++Lab\workshop03\Book.cpp(17,16): error C2065: 'title': 선언되지 않은 식별자입니다.
C:\scsa\c\workspace\C++Lab\workshop03\Book.cpp(18,8): error C2039: 'publisher': 'Book'의 멤버가 아닙니다.
  C:\scsa\c\workspace\C++Lab\workshop03\Book.h(5,7):
  'Book' 선언을 참조하십시오.
  
C:\scsa\c\workspace\C++Lab\workshop03\Book.cpp(18,20): error C2065: 'publisher': 선언되지 않은 식별자입니다.
C:\scsa\c\workspace\C++Lab\workshop03\Book.cpp(19,8): error C2039: 'author': 'Book'의 멤버가 아닙니다.
  C:\scsa\c\workspace\C++Lab\workshop03\Book.h(5,7):
  'Book' 선언을 참조하십시오.
  
C:\scsa\c\workspace\C++Lab\workshop03\Book.cpp(19,17): error C2065: 'author': 선언되지 않은 식별자입니다.
C:\scsa\c\workspace\C++Lab\workshop03\Book.cpp(23,12): error C2511: 'void Book::setTitle(std::string)': 오버로드된 멤버 함수가 'Book'에 없습니다.
  C:\scsa\c\workspace\C++Lab\workshop03\Book.h(5,7):
  'Book' 선언을 참조하십시오.
  
C:\scsa\c\workspace\C++Lab\workshop03\Book.cpp(24,2): error C2671: 'Book::setTitle': 정적 멤버 함수에 'this' 포인터가 없습니다.
C:\scsa\c\workspace\C++Lab\workshop03\Book.cpp(26,14): error C2039: 'getTitle': 'Book'의 멤버가 아닙니다.
  C:\scsa\c\workspace\C++Lab\workshop03\Book.h(5,7):
  'Book' 선언을 참조하십시오.
  
C:\scsa\c\workspace\C++Lab\workshop03\Book.cpp(26,14): error C2270: 'getTitle': 비멤버 함수에 한정자를 사용할 수 없습니다.
C:\scsa\c\workspace\C++Lab\workshop03\Book.cpp(27,9): error C2355: 'this': 비정적 멤버 함수 또는 비정적 데이터 멤버 이니셜라이저 안에서만 참조할 수 있습니다.
C:\scsa\c\workspace\C++Lab\workshop03\Book.cpp(29,12): error C2511: 'void Book::setPublisher(std::string)': 오버로드된 멤버 함수가 'Book'에 없습니다.
  C:\scsa\c\workspace\C++Lab\workshop03\Book.h(5,7):
  'Book' 선언을 참조하십시오.
  
C:\scsa\c\workspace\C++Lab\workshop03\Book.cpp(30,2): error C2671: 'Book::setPublisher': 정적 멤버 함수에 'this' 포인터가 없습니다.
C:\scsa\c\workspace\C++Lab\workshop03\Book.cpp(32,14): error C2039: 'getPublisher': 'Book'의 멤버가 아닙니다.
  C:\scsa\c\workspace\C++Lab\workshop03\Book.h(5,7):
  'Book' 선언을 참조하십시오.
  
C:\scsa\c\workspace\C++Lab\workshop03\Book.cpp(32,14): error C2270: 'getPublisher': 비멤버 함수에 한정자를 사용할 수 없습니다.
C:\scsa\c\workspace\C++Lab\workshop03\Book.cpp(33,9): error C2065: 'publisher': 선언되지 않은 식별자입니다.
C:\scsa\c\workspace\C++Lab\workshop03\Book.cpp(35,12): error C2511: 'void Book::setAuthor(std::string)': 오버로드된 멤버 함수가 'Book'에 없습니다.
  C:\scsa\c\workspace\C++Lab\workshop03\Book.h(5,7):
  'Book' 선언을 참조하십시오.
  
C:\scsa\c\workspace\C++Lab\workshop03\Book.cpp(36,2): error C2671: 'Book::setAuthor': 정적 멤버 함수에 'this' 포인터가 없습니다.
C:\scsa\c\workspace\C++Lab\workshop03\Book.cpp(38,14): error C2039: 'getAuthor': 'Book'의 멤버가 아닙니다.
  C:\scsa\c\workspace\C++Lab\workshop03\Book.h(5,7):
  'Book' 선언을 참조하십시오.
  
C:\scsa\c\workspace\C++Lab\workshop03\Book.cpp(38,14): error C2270: 'getAuthor': 비멤버 함수에 한정자를 사용할 수 없습니다.
C:\scsa\c\workspace\C++Lab\workshop03\Book.cpp(39,9): error C2065: 'author': 선언되지 않은 식별자입니다.
C:\scsa\c\workspace\C++Lab\workshop03\Book.cpp(48,10): error C2065: 'title': 선언되지 않은 식별자입니다.
C:\scsa\c\workspace\C++Lab\workshop03\Book.cpp(48,27): error C2065: 'publisher': 선언되지 않은 식별자입니다.
C:\scsa\c\workspace\C++Lab\workshop03\Book.cpp(49,14): error C2065: 'author': 선언되지 않은 식별자입니다.
  BookManager.cpp
C:\scsa\c\workspace\C++Lab\workshop03\Book.h(8,9): error C3646: 'title': 알 수 없는 재정의 지정자입니다.
  (소스 파일 'BookManager.cpp'을(를) 컴파일하는 중)
  
C:\scsa\c\workspace\C++Lab\workshop03\Book.h(8,14): error C4430: 형식 지정자가 없습니다. int로 가정합니다. 참고: C++에서는 기본 int를 지원하지 않습니다.
  (소스 파일 'BookManager.cpp'을(를) 컴파일하는 중)
  
C:\scsa\c\workspace\C++Lab\workshop03\Book.h(9,9): error C3646: 'publisher': 알 수 없는 재정의 지정자입니다.
  (소스 파일 'BookManager.cpp'을(를) 컴파일하는 중)
  
C:\scsa\c\workspace\C++Lab\workshop03\Book.h(9,18): error C4430: 형식 지정자가 없습니다. int로 가정합니다. 참고: C++에서는 기본 int를 지원하지 않습니다.
  (소스 파일 'BookManager.cpp'을(를) 컴파일하는 중)
  
C:\scsa\c\workspace\C++Lab\workshop03\Book.h(10,9): error C3646: 'author': 알 수 없는 재정의 지정자입니다.
  (소스 파일 'BookManager.cpp'을(를) 컴파일하는 중)
  
C:\scsa\c\workspace\C++Lab\workshop03\Book.h(10,15): error C4430: 형식 지정자가 없습니다. int로 가정합니다. 참고: C++에서는 기본 int를 지원하지 않습니다.
  (소스 파일 'BookManager.cpp'을(를) 컴파일하는 중)
  
C:\scsa\c\workspace\C++Lab\workshop03\Book.h(14,7): error C2061: 구문 오류: 식별자 'string'
  (소스 파일 'BookManager.cpp'을(를) 컴파일하는 중)
  
C:\scsa\c\workspace\C++Lab\workshop03\Book.h(14,2): error C2535: 'Book::Book(void)': 멤버 함수를 이미 정의했거나 선언했습니다.
  (소스 파일 'BookManager.cpp'을(를) 컴파일하는 중)
  C:\scsa\c\workspace\C++Lab\workshop03\Book.h(13,2):
  'Book::Book' 선언을 참조하십시오.
  
C:\scsa\c\workspace\C++Lab\workshop03\Book.h(20,16): error C2061: 구문 오류: 식별자 'string'
  (소스 파일 'BookManager.cpp'을(를) 컴파일하는 중)
  
C:\scsa\c\workspace\C++Lab\workshop03\Book.h(21,9): error C3646: 'getTitle': 알 수 없는 재정의 지정자입니다.
  (소스 파일 'BookManager.cpp'을(를) 컴파일하는 중)
  
C:\scsa\c\workspace\C++Lab\workshop03\Book.h(21,17): error C2059: 구문 오류: '('
  (소스 파일 'BookManager.cpp'을(를) 컴파일하는 중)
  
C:\scsa\c\workspace\C++Lab\workshop03\Book.h(21,25): error C2238: ';' 앞에 예기치 않은 토큰이 있습니다.
  (소스 파일 'BookManager.cpp'을(를) 컴파일하는 중)
  
C:\scsa\c\workspace\C++Lab\workshop03\Book.h(22,20): error C2061: 구문 오류: 식별자 'string'
  (소스 파일 'BookManager.cpp'을(를) 컴파일하는 중)
  
C:\scsa\c\workspace\C++Lab\workshop03\Book.h(23,9): error C3646: 'getPublisher': 알 수 없는 재정의 지정자입니다.
  (소스 파일 'BookManager.cpp'을(를) 컴파일하는 중)
  
C:\scsa\c\workspace\C++Lab\workshop03\Book.h(23,21): error C2059: 구문 오류: '('
  (소스 파일 'BookManager.cpp'을(를) 컴파일하는 중)
  
C:\scsa\c\workspace\C++Lab\workshop03\Book.h(23,29): error C2238: ';' 앞에 예기치 않은 토큰이 있습니다.
  (소스 파일 'BookManager.cpp'을(를) 컴파일하는 중)
  
C:\scsa\c\workspace\C++Lab\workshop03\Book.h(24,17): error C2061: 구문 오류: 식별자 'string'
  (소스 파일 'BookManager.cpp'을(를) 컴파일하는 중)
  
C:\scsa\c\workspace\C++Lab\workshop03\Book.h(25,9): error C3646: 'getAuthor': 알 수 없는 재정의 지정자입니다.
  (소스 파일 'BookManager.cpp'을(를) 컴파일하는 중)
  
C:\scsa\c\workspace\C++Lab\workshop03\Book.h(25,18): error C2059: 구문 오류: '('
  (소스 파일 'BookManager.cpp'을(를) 컴파일하는 중)
  
C:\scsa\c\workspace\C++Lab\workshop03\Book.h(25,26): error C2238: ';' 앞에 예기치 않은 토큰이 있습니다.
  (소스 파일 'BookManager.cpp'을(를) 컴파일하는 중)
  
C:\scsa\c\workspace\C++Lab\workshop03\Magazine.h(10,11): error C2061: 구문 오류: 식별자 'string'
  (소스 파일 'BookManager.cpp'을(를) 컴파일하는 중)
  
C:\scsa\c\workspace\C++Lab\workshop03\Magazine.h(10,2): error C2535: 'Magazine::Magazine(void)': 멤버 함수를 이미 정의했거나 선언했습니다.
  (소스 파일 'BookManager.cpp'을(를) 컴파일하는 중)
  C:\scsa\c\workspace\C++Lab\workshop03\Magazine.h(9,2):
  'Magazine::Magazine' 선언을 참조하십시오.
  
C:\scsa\c\workspace\C++Lab\workshop03\BookManager.cpp(30,25): error C2039: 'getTitle': 'Book'의 멤버가 아닙니다.
  C:\scsa\c\workspace\C++Lab\workshop03\Book.h(5,7):
  'Book' 선언을 참조하십시오.
  
C:\scsa\c\workspace\C++Lab\workshop03\BookManager.cpp(53,15): error C2660: 'Book::setTitle': 함수는 1개의 인수를 사용하지 않습니다.
  C:\scsa\c\workspace\C++Lab\workshop03\Book.h(20,7):
  'Book::setTitle' 선언을 참조하십시오.
  C:\scsa\c\workspace\C++Lab\workshop03\BookManager.cpp(53,15):
  인수 목록 '(char [50])'을(를) 일치시키는 동안
  
C:\scsa\c\workspace\C++Lab\workshop03\BookManager.cpp(59,15): error C2660: 'Book::setAuthor': 함수는 1개의 인수를 사용하지 않습니다.
  C:\scsa\c\workspace\C++Lab\workshop03\Book.h(24,7):
  'Book::setAuthor' 선언을 참조하십시오.
  C:\scsa\c\workspace\C++Lab\workshop03\BookManager.cpp(59,15):
  인수 목록 '(char [50])'을(를) 일치시키는 동안
  
C:\scsa\c\workspace\C++Lab\workshop03\BookManager.cpp(62,15): error C2660: 'Book::setPublisher': 함수는 1개의 인수를 사용하지 않습니다.
  C:\scsa\c\workspace\C++Lab\workshop03\Book.h(22,7):
  'Book::setPublisher' 선언을 참조하십시오.
  C:\scsa\c\workspace\C++Lab\workshop03\BookManager.cpp(62,15):
  인수 목록 '(char [50])'을(를) 일치시키는 동안
  
C:\scsa\c\workspace\C++Lab\workshop03\BookManager.cpp(70,4): error C2660: 'Book::setTitle': 함수는 1개의 인수를 사용하지 않습니다.
  C:\scsa\c\workspace\C++Lab\workshop03\Book.h(20,7):
  'Book::setTitle' 선언을 참조하십시오.
  C:\scsa\c\workspace\C++Lab\workshop03\BookManager.cpp(70,4):
  인수 목록 '(char [50])'을(를) 일치시키는 동안
  
C:\scsa\c\workspace\C++Lab\workshop03\BookManager.cpp(76,4): error C2660: 'Book::setAuthor': 함수는 1개의 인수를 사용하지 않습니다.
  C:\scsa\c\workspace\C++Lab\workshop03\Book.h(24,7):
  'Book::setAuthor' 선언을 참조하십시오.
  C:\scsa\c\workspace\C++Lab\workshop03\BookManager.cpp(76,4):
  인수 목록 '(char [50])'을(를) 일치시키는 동안
  
C:\scsa\c\workspace\C++Lab\workshop03\BookManager.cpp(79,4): error C2660: 'Book::setPublisher': 함수는 1개의 인수를 사용하지 않습니다.
  C:\scsa\c\workspace\C++Lab\workshop03\Book.h(22,7):
  'Book::setPublisher' 선언을 참조하십시오.
  C:\scsa\c\workspace\C++Lab\workshop03\BookManager.cpp(79,4):
  인수 목록 '(char [50])'을(를) 일치시키는 동안
  
C:\scsa\c\workspace\C++Lab\workshop03\BookManager.cpp(108,14): error C2660: 'Book::setTitle': 함수는 1개의 인수를 사용하지 않습니다.
  C:\scsa\c\workspace\C++Lab\workshop03\Book.h(20,7):
  'Book::setTitle' 선언을 참조하십시오.
  C:\scsa\c\workspace\C++Lab\workshop03\BookManager.cpp(108,14):
  인수 목록 '(char [50])'을(를) 일치시키는 동안
  
C:\scsa\c\workspace\C++Lab\workshop03\BookManager.cpp(110,14): error C2660: 'Book::setAuthor': 함수는 1개의 인수를 사용하지 않습니다.
  C:\scsa\c\workspace\C++Lab\workshop03\Book.h(24,7):
  'Book::setAuthor' 선언을 참조하십시오.
  C:\scsa\c\workspace\C++Lab\workshop03\BookManager.cpp(110,14):
  인수 목록 '(char [50])'을(를) 일치시키는 동안
  
C:\scsa\c\workspace\C++Lab\workshop03\BookManager.cpp(111,14): error C2660: 'Book::setPublisher': 함수는 1개의 인수를 사용하지 않습니다.
  C:\scsa\c\workspace\C++Lab\workshop03\Book.h(22,7):
  'Book::setPublisher' 선언을 참조하십시오.
  C:\scsa\c\workspace\C++Lab\workshop03\BookManager.cpp(111,14):
  인수 목록 '(char [50])'을(를) 일치시키는 동안
  
C:\scsa\c\workspace\C++Lab\workshop03\BookManager.cpp(118,43): error C2039: 'getTitle': 'Book'의 멤버가 아닙니다.
  C:\scsa\c\workspace\C++Lab\workshop03\Book.h(5,7):
  'Book' 선언을 참조하십시오.
  
C:\scsa\c\workspace\C++Lab\workshop03\BookManager.cpp(118,14): error C2660: 'Book::setTitle': 함수는 1개의 인수를 사용하지 않습니다.
  C:\scsa\c\workspace\C++Lab\workshop03\Book.h(20,7):
  'Book::setTitle' 선언을 참조하십시오.
  C:\scsa\c\workspace\C++Lab\workshop03\BookManager.cpp(118,14):
  인수 목록 '()'을(를) 일치시키는 동안
  
C:\scsa\c\workspace\C++Lab\workshop03\BookManager.cpp(120,44): error C2039: 'getAuthor': 'Book'의 멤버가 아닙니다.
  C:\scsa\c\workspace\C++Lab\workshop03\Book.h(5,7):
  'Book' 선언을 참조하십시오.
  
C:\scsa\c\workspace\C++Lab\workshop03\BookManager.cpp(120,14): error C2660: 'Book::setAuthor': 함수는 1개의 인수를 사용하지 않습니다.
  C:\scsa\c\workspace\C++Lab\workshop03\Book.h(24,7):
  'Book::setAuthor' 선언을 참조하십시오.
  C:\scsa\c\workspace\C++Lab\workshop03\BookManager.cpp(120,14):
  인수 목록 '()'을(를) 일치시키는 동안
  
C:\scsa\c\workspace\C++Lab\workshop03\BookManager.cpp(121,47): error C2039: 'getPublisher': 'Book'의 멤버가 아닙니다.
  C:\scsa\c\workspace\C++Lab\workshop03\Book.h(5,7):
  'Book' 선언을 참조하십시오.
  
C:\scsa\c\workspace\C++Lab\workshop03\BookManager.cpp(121,14): error C2660: 'Book::setPublisher': 함수는 1개의 인수를 사용하지 않습니다.
  C:\scsa\c\workspace\C++Lab\workshop03\Book.h(22,7):
  'Book::setPublisher' 선언을 참조하십시오.
  C:\scsa\c\workspace\C++Lab\workshop03\BookManager.cpp(121,14):
  인수 목록 '()'을(를) 일치시키는 동안
  
  Magazine.cpp
C:\scsa\c\workspace\C++Lab\workshop03\Book.h(8,9): error C3646: 'title': 알 수 없는 재정의 지정자입니다.
  (소스 파일 'Magazine.cpp'을(를) 컴파일하는 중)
  
C:\scsa\c\workspace\C++Lab\workshop03\Book.h(8,14): error C4430: 형식 지정자가 없습니다. int로 가정합니다. 참고: C++에서는 기본 int를 지원하지 않습니다.
  (소스 파일 'Magazine.cpp'을(를) 컴파일하는 중)
  
C:\scsa\c\workspace\C++Lab\workshop03\Book.h(9,9): error C3646: 'publisher': 알 수 없는 재정의 지정자입니다.
  (소스 파일 'Magazine.cpp'을(를) 컴파일하는 중)
  
C:\scsa\c\workspace\C++Lab\workshop03\Book.h(9,18): error C4430: 형식 지정자가 없습니다. int로 가정합니다. 참고: C++에서는 기본 int를 지원하지 않습니다.
  (소스 파일 'Magazine.cpp'을(를) 컴파일하는 중)
  
C:\scsa\c\workspace\C++Lab\workshop03\Book.h(10,9): error C3646: 'author': 알 수 없는 재정의 지정자입니다.
  (소스 파일 'Magazine.cpp'을(를) 컴파일하는 중)
  
C:\scsa\c\workspace\C++Lab\workshop03\Book.h(10,15): error C4430: 형식 지정자가 없습니다. int로 가정합니다. 참고: C++에서는 기본 int를 지원하지 않습니다.
  (소스 파일 'Magazine.cpp'을(를) 컴파일하는 중)
  
C:\scsa\c\workspace\C++Lab\workshop03\Book.h(14,7): error C2061: 구문 오류: 식별자 'string'
  (소스 파일 'Magazine.cpp'을(를) 컴파일하는 중)
  
C:\scsa\c\workspace\C++Lab\workshop03\Book.h(14,2): error C2535: 'Book::Book(void)': 멤버 함수를 이미 정의했거나 선언했습니다.
  (소스 파일 'Magazine.cpp'을(를) 컴파일하는 중)
  C:\scsa\c\workspace\C++Lab\workshop03\Book.h(13,2):
  'Book::Book' 선언을 참조하십시오.
  
C:\scsa\c\workspace\C++Lab\workshop03\Book.h(20,16): error C2061: 구문 오류: 식별자 'string'
  (소스 파일 'Magazine.cpp'을(를) 컴파일하는 중)
  
C:\scsa\c\workspace\C++Lab\workshop03\Book.h(21,9): error C3646: 'getTitle': 알 수 없는 재정의 지정자입니다.
  (소스 파일 'Magazine.cpp'을(를) 컴파일하는 중)
  
C:\scsa\c\workspace\C++Lab\workshop03\Book.h(21,17): error C2059: 구문 오류: '('
  (소스 파일 'Magazine.cpp'을(를) 컴파일하는 중)
  
C:\scsa\c\workspace\C++Lab\workshop03\Book.h(21,25): error C2238: ';' 앞에 예기치 않은 토큰이 있습니다.
  (소스 파일 'Magazine.cpp'을(를) 컴파일하는 중)
  
C:\scsa\c\workspace\C++Lab\workshop03\Book.h(22,20): error C2061: 구문 오류: 식별자 'string'
  (소스 파일 'Magazine.cpp'을(를) 컴파일하는 중)
  
C:\scsa\c\workspace\C++Lab\workshop03\Book.h(23,9): error C3646: 'getPublisher': 알 수 없는 재정의 지정자입니다.
  (소스 파일 'Magazine.cpp'을(를) 컴파일하는 중)
  
C:\scsa\c\workspace\C++Lab\workshop03\Book.h(23,21): error C2059: 구문 오류: '('
  (소스 파일 'Magazine.cpp'을(를) 컴파일하는 중)
  
C:\scsa\c\workspace\C++Lab\workshop03\Book.h(23,29): error C2238: ';' 앞에 예기치 않은 토큰이 있습니다.
  (소스 파일 'Magazine.cpp'을(를) 컴파일하는 중)
  
C:\scsa\c\workspace\C++Lab\workshop03\Book.h(24,17): error C2061: 구문 오류: 식별자 'string'
  (소스 파일 'Magazine.cpp'을(를) 컴파일하는 중)
  
C:\scsa\c\workspace\C++Lab\workshop03\Book.h(25,9): error C3646: 'getAuthor': 알 수 없는 재정의 지정자입니다.
  (소스 파일 'Magazine.cpp'을(를) 컴파일하는 중)
  
C:\scsa\c\workspace\C++Lab\workshop03\Book.h(25,18): error C2059: 구문 오류: '('
  (소스 파일 'Magazine.cpp'을(를) 컴파일하는 중)
  
C:\scsa\c\workspace\C++Lab\workshop03\Book.h(25,26): error C2238: ';' 앞에 예기치 않은 토큰이 있습니다.
  (소스 파일 'Magazine.cpp'을(를) 컴파일하는 중)
  
C:\scsa\c\workspace\C++Lab\workshop03\Magazine.h(10,11): error C2061: 구문 오류: 식별자 'string'
  (소스 파일 'Magazine.cpp'을(를) 컴파일하는 중)
  
C:\scsa\c\workspace\C++Lab\workshop03\Magazine.h(10,2): error C2535: 'Magazine::Magazine(void)': 멤버 함수를 이미 정의했거나 선언했습니다.
  (소스 파일 'Magazine.cpp'을(를) 컴파일하는 중)
  C:\scsa\c\workspace\C++Lab\workshop03\Magazine.h(9,2):
  'Magazine::Magazine' 선언을 참조하십시오.
  
C:\scsa\c\workspace\C++Lab\workshop03\Magazine.cpp(6,11): error C2511: 'Magazine::Magazine(std::string,std::string,std::string,int,int,int)': 오버로드된 멤버 함수가 'Magazine'에 없습니다.
  C:\scsa\c\workspace\C++Lab\workshop03\Magazine.h(4,7):
  'Magazine' 선언을 참조하십시오.
  
C:\scsa\c\workspace\C++Lab\workshop03\Magazine.cpp(6,80): error C2550: 'Magazine::{ctor}': 생성자 이니셜라이저 목록은 생성자 정의에만 사용할 수 있습니다.
C:\scsa\c\workspace\C++Lab\workshop03\Magazine.cpp(12,47): error C2039: 'getTitle': 'Magazine'의 멤버가 아닙니다.
  C:\scsa\c\workspace\C++Lab\workshop03\Magazine.h(4,7):
  'Magazine' 선언을 참조하십시오.
  
C:\scsa\c\workspace\C++Lab\workshop03\Magazine.cpp(13,4): error C2039: 'getPublisher': 'Magazine'의 멤버가 아닙니다.
  C:\scsa\c\workspace\C++Lab\workshop03\Magazine.h(4,7):
  'Magazine' 선언을 참조하십시오.
  
C:\scsa\c\workspace\C++Lab\workshop03\Magazine.cpp(13,22): error C2039: 'getAuthor': 'Magazine'의 멤버가 아닙니다.
  C:\scsa\c\workspace\C++Lab\workshop03\Magazine.h(4,7):
  'Magazine' 선언을 참조하십시오.
  
C:\scsa\c\workspace\C++Lab\workshop03\Magazine.cpp(12,44): error C2665: 'Book::Book': 모든 인수 형식을 변환할 수 있는 오버로드된 함수가 없습니다.
  C:\scsa\c\workspace\C++Lab\workshop03\Book.h(18,2):
  'Book::Book(const Book &)'일 수 있습니다.
  	C:\scsa\c\workspace\C++Lab\workshop03\Magazine.cpp(12,44):
  	'Book::Book(const Book &)': 인수 1을(를) 'int'에서 'const Book &'(으)로 변환할 수 없습니다.
  		C:\scsa\c\workspace\C++Lab\workshop03\Magazine.cpp(13,45):
  		원인: 'int'에서 'const Book'(으)로 변환할 수 없습니다.
  C:\scsa\c\workspace\C++Lab\workshop03\Magazine.cpp(12,44):
  인수 목록 '(int)'을(를) 일치시키는 동안
  
C:\scsa\c\workspace\C++Lab\workshop03\Magazine.cpp(29,16): error C2039: 'getTitle': 'Magazine'의 멤버가 아닙니다.
  C:\scsa\c\workspace\C++Lab\workshop03\Magazine.h(4,7):
  'Magazine' 선언을 참조하십시오.
  
C:\scsa\c\workspace\C++Lab\workshop03\Magazine.cpp(29,38): error C3861: 'getPublisher': 식별자를 찾을 수 없습니다.
C:\scsa\c\workspace\C++Lab\workshop03\Magazine.cpp(30,14): error C3861: 'getAuthor': 식별자를 찾을 수 없습니다.
  main.cpp
C:\scsa\c\workspace\C++Lab\workshop03\book.h(8,9): error C3646: 'title': 알 수 없는 재정의 지정자입니다.
  (소스 파일 'main.cpp'을(를) 컴파일하는 중)
  
C:\scsa\c\workspace\C++Lab\workshop03\book.h(8,14): error C4430: 형식 지정자가 없습니다. int로 가정합니다. 참고: C++에서는 기본 int를 지원하지 않습니다.
  (소스 파일 'main.cpp'을(를) 컴파일하는 중)
  
C:\scsa\c\workspace\C++Lab\workshop03\book.h(9,9): error C3646: 'publisher': 알 수 없는 재정의 지정자입니다.
  (소스 파일 'main.cpp'을(를) 컴파일하는 중)
  
C:\scsa\c\workspace\C++Lab\workshop03\book.h(9,18): error C4430: 형식 지정자가 없습니다. int로 가정합니다. 참고: C++에서는 기본 int를 지원하지 않습니다.
  (소스 파일 'main.cpp'을(를) 컴파일하는 중)
  
C:\scsa\c\workspace\C++Lab\workshop03\book.h(10,9): error C3646: 'author': 알 수 없는 재정의 지정자입니다.
  (소스 파일 'main.cpp'을(를) 컴파일하는 중)
  
C:\scsa\c\workspace\C++Lab\workshop03\book.h(10,15): error C4430: 형식 지정자가 없습니다. int로 가정합니다. 참고: C++에서는 기본 int를 지원하지 않습니다.
  (소스 파일 'main.cpp'을(를) 컴파일하는 중)
  
C:\scsa\c\workspace\C++Lab\workshop03\book.h(14,7): error C2061: 구문 오류: 식별자 'string'
  (소스 파일 'main.cpp'을(를) 컴파일하는 중)
  
C:\scsa\c\workspace\C++Lab\workshop03\book.h(14,2): error C2535: 'Book::Book(void)': 멤버 함수를 이미 정의했거나 선언했습니다.
  (소스 파일 'main.cpp'을(를) 컴파일하는 중)
  C:\scsa\c\workspace\C++Lab\workshop03\book.h(13,2):
  'Book::Book' 선언을 참조하십시오.
  
C:\scsa\c\workspace\C++Lab\workshop03\book.h(20,16): error C2061: 구문 오류: 식별자 'string'
  (소스 파일 'main.cpp'을(를) 컴파일하는 중)
  
C:\scsa\c\workspace\C++Lab\workshop03\book.h(21,9): error C3646: 'getTitle': 알 수 없는 재정의 지정자입니다.
  (소스 파일 'main.cpp'을(를) 컴파일하는 중)
  
C:\scsa\c\workspace\C++Lab\workshop03\book.h(21,17): error C2059: 구문 오류: '('
  (소스 파일 'main.cpp'을(를) 컴파일하는 중)
  
C:\scsa\c\workspace\C++Lab\workshop03\book.h(21,25): error C2238: ';' 앞에 예기치 않은 토큰이 있습니다.
  (소스 파일 'main.cpp'을(를) 컴파일하는 중)
  
C:\scsa\c\workspace\C++Lab\workshop03\book.h(22,20): error C2061: 구문 오류: 식별자 'string'
  (소스 파일 'main.cpp'을(를) 컴파일하는 중)
  
C:\scsa\c\workspace\C++Lab\workshop03\book.h(23,9): error C3646: 'getPublisher': 알 수 없는 재정의 지정자입니다.
  (소스 파일 'main.cpp'을(를) 컴파일하는 중)
  
C:\scsa\c\workspace\C++Lab\workshop03\book.h(23,21): error C2059: 구문 오류: '('
  (소스 파일 'main.cpp'을(를) 컴파일하는 중)
  
C:\scsa\c\workspace\C++Lab\workshop03\book.h(23,29): error C2238: ';' 앞에 예기치 않은 토큰이 있습니다.
  (소스 파일 'main.cpp'을(를) 컴파일하는 중)
  
C:\scsa\c\workspace\C++Lab\workshop03\book.h(24,17): error C2061: 구문 오류: 식별자 'string'
  (소스 파일 'main.cpp'을(를) 컴파일하는 중)
  
C:\scsa\c\workspace\C++Lab\workshop03\book.h(25,9): error C3646: 'getAuthor': 알 수 없는 재정의 지정자입니다.
  (소스 파일 'main.cpp'을(를) 컴파일하는 중)
  
C:\scsa\c\workspace\C++Lab\workshop03\book.h(25,18): error C2059: 구문 오류: '('
  (소스 파일 'main.cpp'을(를) 컴파일하는 중)
  
C:\scsa\c\workspace\C++Lab\workshop03\book.h(25,26): error C2238: ';' 앞에 예기치 않은 토큰이 있습니다.
  (소스 파일 'main.cpp'을(를) 컴파일하는 중)
  
C:\scsa\c\workspace\C++Lab\workshop03\Magazine.h(10,11): error C2061: 구문 오류: 식별자 'string'
  (소스 파일 'main.cpp'을(를) 컴파일하는 중)
  
C:\scsa\c\workspace\C++Lab\workshop03\Magazine.h(10,2): error C2535: 'Magazine::Magazine(void)': 멤버 함수를 이미 정의했거나 선언했습니다.
  (소스 파일 'main.cpp'을(를) 컴파일하는 중)
  C:\scsa\c\workspace\C++Lab\workshop03\Magazine.h(9,2):
  'Magazine::Magazine' 선언을 참조하십시오.
  
  코드를 생성하고 있습니다...
