  Main09.c
C:\Users\student\Downloads\Main09.c(17,9): warning C4477: 'printf' : 서식 문자열 '%u'에 'unsigned int' 형식의 인수가 필요하지만 variadic 인수 1의 형식이 'int *'입니다.
C:\Users\student\Downloads\Main09.c(17,9): warning C4313: 'printf': 서식 문자열의 '%u'이(가) int *' 형식의 인수 1과(와) 충돌합니다.
C:\Users\student\Downloads\Main09.c(17,9): warning C4477: 'printf' : 서식 문자열 '%u'에 'unsigned int' 형식의 인수가 필요하지만 variadic 인수 2의 형식이 'int (*)[5]'입니다.
C:\Users\student\Downloads\Main09.c(17,9): warning C4313: 'printf': 서식 문자열의 '%u'이(가) int (*)[5]' 형식의 인수 2과(와) 충돌합니다.
C:\Users\student\Downloads\Main09.c(17,9): warning C4477: 'printf' : 서식 문자열 '%u'에 'unsigned int' 형식의 인수가 필요하지만 variadic 인수 3의 형식이 'int *'입니다.
C:\Users\student\Downloads\Main09.c(17,9): warning C4313: 'printf': 서식 문자열의 '%u'이(가) int *' 형식의 인수 3과(와) 충돌합니다.
C:\Users\student\Downloads\Main09.c(17,9): warning C4477: 'printf' : 서식 문자열 '%u'에 'unsigned int' 형식의 인수가 필요하지만 variadic 인수 4의 형식이 'int (*)[5]'입니다.
C:\Users\student\Downloads\Main09.c(17,9): warning C4313: 'printf': 서식 문자열의 '%u'이(가) int (*)[5]' 형식의 인수 4과(와) 충돌합니다.
C:\Users\student\Downloads\Main09.c(20,9): warning C4477: 'printf' : 서식 문자열 '%u'에 'unsigned int' 형식의 인수가 필요하지만 variadic 인수 1의 형식이 'int (*)[2]'입니다.
C:\Users\student\Downloads\Main09.c(20,9): warning C4313: 'printf': 서식 문자열의 '%u'이(가) int (*)[2]' 형식의 인수 1과(와) 충돌합니다.
C:\Users\student\Downloads\Main09.c(20,9): warning C4477: 'printf' : 서식 문자열 '%u'에 'unsigned int' 형식의 인수가 필요하지만 variadic 인수 2의 형식이 'int (*)[2][2]'입니다.
C:\Users\student\Downloads\Main09.c(20,9): warning C4313: 'printf': 서식 문자열의 '%u'이(가) int (*)[2][2]' 형식의 인수 2과(와) 충돌합니다.
C:\Users\student\Downloads\Main09.c(20,9): warning C4477: 'printf' : 서식 문자열 '%u'에 'unsigned int' 형식의 인수가 필요하지만 variadic 인수 3의 형식이 'int *'입니다.
C:\Users\student\Downloads\Main09.c(20,9): warning C4313: 'printf': 서식 문자열의 '%u'이(가) int *' 형식의 인수 3과(와) 충돌합니다.
C:\Users\student\Downloads\Main09.c(20,9): warning C4477: 'printf' : 서식 문자열 '%u'에 'unsigned int' 형식의 인수가 필요하지만 variadic 인수 4의 형식이 'int (*)[2]'입니다.
C:\Users\student\Downloads\Main09.c(20,9): warning C4313: 'printf': 서식 문자열의 '%u'이(가) int (*)[2]' 형식의 인수 4과(와) 충돌합니다.
C:\Users\student\Downloads\Main09.c(28,9): warning C4477: 'printf' : 서식 문자열 '%u'에 'unsigned int' 형식의 인수가 필요하지만 variadic 인수 1의 형식이 'int (*)[2]'입니다.
C:\Users\student\Downloads\Main09.c(28,9): warning C4313: 'printf': 서식 문자열의 '%u'이(가) int (*)[2]' 형식의 인수 1과(와) 충돌합니다.
C:\Users\student\Downloads\Main09.c(28,9): warning C4477: 'printf' : 서식 문자열 '%u'에 'unsigned int' 형식의 인수가 필요하지만 variadic 인수 2의 형식이 'int (*)[2]'입니다.
C:\Users\student\Downloads\Main09.c(28,9): warning C4313: 'printf': 서식 문자열의 '%u'이(가) int (*)[2]' 형식의 인수 2과(와) 충돌합니다.
C:\Users\student\Downloads\Main09.c(28,9): warning C4477: 'printf' : 서식 문자열 '%u'에 'unsigned int' 형식의 인수가 필요하지만 variadic 인수 3의 형식이 'int (*)[2]'입니다.
C:\Users\student\Downloads\Main09.c(28,9): warning C4313: 'printf': 서식 문자열의 '%u'이(가) int (*)[2]' 형식의 인수 3과(와) 충돌합니다.
C:\Users\student\Downloads\Main09.c(28,9): warning C4477: 'printf' : 서식 문자열 '%u'에 'unsigned int' 형식의 인수가 필요하지만 variadic 인수 4의 형식이 'int *'입니다.
C:\Users\student\Downloads\Main09.c(28,9): warning C4313: 'printf': 서식 문자열의 '%u'이(가) int *' 형식의 인수 4과(와) 충돌합니다.
C:\Users\student\Downloads\Main09.c(28,9): warning C4477: 'printf' : 서식 문자열 '%u'에 'unsigned int' 형식의 인수가 필요하지만 variadic 인수 5의 형식이 'int *'입니다.
C:\Users\student\Downloads\Main09.c(28,9): warning C4313: 'printf': 서식 문자열의 '%u'이(가) int *' 형식의 인수 5과(와) 충돌합니다.
C:\Users\student\Downloads\Main09.c(33,8): warning C4047: '함수': 'int **'의 간접 참조 수준이 'int (**)[2]'과(와) 다릅니다.
C:\Users\student\Downloads\Main09.c(33,8): warning C4024: 'func6': 형식 및 실제 매개 변수 1의 형식이 서로 다릅니다.
C:\Users\student\Downloads\Main09.c(21,7): warning C4047: '초기화 중': 'int *'의 간접 참조 수준이 'int (*)[2]'과(와) 다릅니다.
C:\Users\student\Downloads\Main09.c(30,8): warning C4047: '초기화 중': 'int **'의 간접 참조 수준이 'int (**)[2]'과(와) 다릅니다.
  Day03.vcxproj -> C:\scsa\c\workspace\CLab\x64\Debug\Day03.exe
