  Main08.c
C:\scsa\c\workspace\CLab\Day02\Main08.c(4,9): warning C4477: 'printf' : 서식 문자열 '%d'에 'int' 형식의 인수가 필요하지만 variadic 인수 1의 형식이 'size_t'입니다.
  C:\scsa\c\workspace\CLab\Day02\Main08.c(4,9):
  서식 문자열에서 '%zd'을(를) 사용하는 것이 좋습니다.
  
C:\scsa\c\workspace\CLab\Day02\Main08.c(11,9): warning C4477: 'printf' : 서식 문자열 '%u'에 'unsigned int' 형식의 인수가 필요하지만 variadic 인수 2의 형식이 'int *'입니다.
C:\scsa\c\workspace\CLab\Day02\Main08.c(11,9): warning C4313: 'printf': 서식 문자열의 '%u'이(가) int *' 형식의 인수 2과(와) 충돌합니다.
C:\scsa\c\workspace\CLab\Day02\Main08.c(11,9): warning C4477: 'printf' : 서식 문자열 '%u'에 'unsigned int' 형식의 인수가 필요하지만 variadic 인수 3의 형식이 'int *'입니다.
C:\scsa\c\workspace\CLab\Day02\Main08.c(11,9): warning C4313: 'printf': 서식 문자열의 '%u'이(가) int *' 형식의 인수 3과(와) 충돌합니다.
C:\scsa\c\workspace\CLab\Day02\Main08.c(27,9): warning C4477: 'printf' : 서식 문자열 '%d'에 'int' 형식의 인수가 필요하지만 variadic 인수 1의 형식이 'size_t'입니다.
  C:\scsa\c\workspace\CLab\Day02\Main08.c(27,9):
  서식 문자열에서 '%zd'을(를) 사용하는 것이 좋습니다.
  
C:\scsa\c\workspace\CLab\Day02\Main08.c(27,9): warning C4477: 'printf' : 서식 문자열 '%d'에 'int' 형식의 인수가 필요하지만 variadic 인수 2의 형식이 'size_t'입니다.
  C:\scsa\c\workspace\CLab\Day02\Main08.c(27,9):
  서식 문자열에서 '%zd'을(를) 사용하는 것이 좋습니다.
  
C:\scsa\c\workspace\CLab\Day02\Main08.c(27,9): warning C4477: 'printf' : 서식 문자열 '%d'에 'int' 형식의 인수가 필요하지만 variadic 인수 3의 형식이 'size_t'입니다.
  C:\scsa\c\workspace\CLab\Day02\Main08.c(27,9):
  서식 문자열에서 '%zd'을(를) 사용하는 것이 좋습니다.
  
C:\scsa\c\workspace\CLab\Day02\Main08.c(30,9): warning C4477: 'printf' : 서식 문자열 '%d'에 'int' 형식의 인수가 필요하지만 variadic 인수 1의 형식이 'size_t'입니다.
  C:\scsa\c\workspace\CLab\Day02\Main08.c(30,9):
  서식 문자열에서 '%zd'을(를) 사용하는 것이 좋습니다.
  
  Day02.vcxproj -> C:\scsa\c\workspace\CLab\x64\Debug\Day02.exe
